TN:
SF:components\ui\Button.tsx
FN:12,(anonymous_0)
FN:15,(anonymous_1)
FNF:2
FNH:2
FNDA:18,(anonymous_0)
FNDA:18,(anonymous_1)
DA:12,2
DA:13,18
DA:15,18
DA:28,2
LF:4
LH:4
BRDA:15,0,0,18
BRDA:15,0,1,0
BRF:2
BRH:1
end_of_record
TN:
SF:components\ui\Input.tsx
FN:13,(anonymous_0)
FNF:1
FNH:1
FNDA:28,(anonymous_0)
DA:13,2
DA:21,28
DA:39,2
LF:3
LH:3
BRDA:15,0,0,10
BRDA:16,1,0,18
BRDA:19,2,0,0
BRDA:23,3,0,28
BRDA:23,3,1,5
BRDA:26,4,0,28
BRDA:26,4,1,5
BRF:7
BRH:6
end_of_record
TN:
SF:config\axios.ts
FN:4,createAxiosClient
FNF:1
FNH:1
FNDA:10,createAxiosClient
DA:5,10
LF:1
LH:1
BRF:0
BRH:0
end_of_record
TN:
SF:constants\styles.ts
FNF:0
FNH:0
DA:1,2
LF:1
LH:1
BRF:0
BRH:0
end_of_record
TN:
SF:screens\Chat.tsx
FN:3,(anonymous_0)
FNF:1
FNH:0
FNDA:0,(anonymous_0)
DA:3,0
DA:4,0
LF:2
LH:0
BRF:0
BRH:0
end_of_record
TN:
SF:screens\Login.tsx
FN:17,(anonymous_0)
FN:23,updateInputValueHandler
FN:34,(anonymous_2)
FNF:3
FNH:3
FNDA:10,(anonymous_0)
FNDA:4,updateInputValueHandler
FNDA:2,(anonymous_2)
DA:17,1
DA:18,10
DA:19,10
DA:20,10
DA:21,10
DA:24,4
DA:26,2
DA:27,2
DA:29,2
DA:30,2
DA:34,10
DA:35,2
DA:36,2
DA:37,2
DA:39,0
DA:46,0
DA:47,0
DA:49,2
DA:54,10
DA:55,2
DA:58,10
DA:84,1
LF:22
LH:19
BRDA:24,0,0,2
BRDA:24,0,1,2
BRDA:36,1,0,2
BRDA:36,1,1,0
BRDA:36,2,0,2
BRDA:36,2,1,1
BRDA:54,3,0,2
BRDA:54,3,1,8
BRDA:65,4,0,2
BRDA:65,4,1,8
BRDA:72,5,0,2
BRDA:72,5,1,8
BRDA:75,6,0,10
BRDA:75,6,1,6
BRF:14
BRH:13
end_of_record
TN:
SF:screens\Server.tsx
FN:17,(anonymous_0)
FN:21,(anonymous_1)
FN:26,(anonymous_2)
FNF:3
FNH:3
FNDA:8,(anonymous_0)
FNDA:3,(anonymous_1)
FNDA:2,(anonymous_2)
DA:17,1
DA:18,8
DA:19,8
DA:21,8
DA:22,3
DA:23,3
DA:26,8
DA:27,2
DA:28,1
DA:29,1
DA:33,1
DA:37,8
DA:38,1
DA:41,8
DA:60,1
LF:15
LH:15
BRDA:27,0,0,1
BRDA:27,0,1,1
BRDA:27,1,0,2
BRDA:27,1,1,2
BRDA:37,2,0,1
BRDA:37,2,1,7
BRDA:47,3,0,1
BRDA:47,3,1,7
BRF:8
BRH:8
end_of_record
